[2024-07-15T11:04:37.860+0000] {taskinstance.py:1103} INFO - Dependencies all met for dep_context=non-requeueable deps ti=<TaskInstance: run_remote_jupyter_notebook.run_notebook scheduled__2023-06-28T00:00:00+00:00 [queued]>
[2024-07-15T11:04:37.881+0000] {taskinstance.py:1103} INFO - Dependencies all met for dep_context=requeueable deps ti=<TaskInstance: run_remote_jupyter_notebook.run_notebook scheduled__2023-06-28T00:00:00+00:00 [queued]>
[2024-07-15T11:04:37.882+0000] {taskinstance.py:1308} INFO - Starting attempt 1 of 2
[2024-07-15T11:04:37.912+0000] {taskinstance.py:1327} INFO - Executing <Task(PythonOperator): run_notebook> on 2023-06-28 00:00:00+00:00
[2024-07-15T11:04:37.928+0000] {standard_task_runner.py:57} INFO - Started process 820 to run task
[2024-07-15T11:04:37.933+0000] {standard_task_runner.py:84} INFO - Running: ['***', 'tasks', 'run', 'run_remote_jupyter_notebook', 'run_notebook', 'scheduled__2023-06-28T00:00:00+00:00', '--job-id', '802', '--raw', '--subdir', 'DAGS_FOLDER/run_notebook.py', '--cfg-path', '/tmp/tmpg1s0ma8h']
[2024-07-15T11:04:37.936+0000] {standard_task_runner.py:85} INFO - Job 802: Subtask run_notebook
[2024-07-15T11:04:38.022+0000] {task_command.py:410} INFO - Running <TaskInstance: run_remote_jupyter_notebook.run_notebook scheduled__2023-06-28T00:00:00+00:00 [running]> on host 9f73ee97e438
[2024-07-15T11:04:38.748+0000] {taskinstance.py:1547} INFO - Exporting env vars: AIRFLOW_CTX_DAG_OWNER='***' AIRFLOW_CTX_DAG_ID='run_remote_jupyter_notebook' AIRFLOW_CTX_TASK_ID='run_notebook' AIRFLOW_CTX_EXECUTION_DATE='2023-06-28T00:00:00+00:00' AIRFLOW_CTX_TRY_NUMBER='1' AIRFLOW_CTX_DAG_RUN_ID='scheduled__2023-06-28T00:00:00+00:00'
[2024-07-15T11:04:38.755+0000] {run_notebook.py:14} INFO - Attempting to connect to http://host.docker.internal:8888/notebooks/Notebooks/notebook.ipynb?token=3b56a766afdef52d8fa1fa30bde9f5e0755d377370514cb6
[2024-07-15T11:04:38.785+0000] {run_notebook.py:39} ERROR - Error connecting to notebook: Expecting value: line 1 column 1 (char 0)
[2024-07-15T11:04:38.787+0000] {taskinstance.py:1824} ERROR - Task failed with exception
Traceback (most recent call last):
  File "/home/airflow/.local/lib/python3.7/site-packages/requests/models.py", line 971, in json
    return complexjson.loads(self.text, **kwargs)
  File "/usr/local/lib/python3.7/json/__init__.py", line 348, in loads
    return _default_decoder.decode(s)
  File "/usr/local/lib/python3.7/json/decoder.py", line 337, in decode
    obj, end = self.raw_decode(s, idx=_w(s, 0).end())
  File "/usr/local/lib/python3.7/json/decoder.py", line 355, in raw_decode
    raise JSONDecodeError("Expecting value", s, err.value) from None
json.decoder.JSONDecodeError: Expecting value: line 1 column 1 (char 0)

During handling of the above exception, another exception occurred:

Traceback (most recent call last):
  File "/home/airflow/.local/lib/python3.7/site-packages/airflow/operators/python.py", line 181, in execute
    return_value = self.execute_callable()
  File "/home/airflow/.local/lib/python3.7/site-packages/airflow/operators/python.py", line 198, in execute_callable
    return self.python_callable(*self.op_args, **self.op_kwargs)
  File "/opt/airflow/dags/run_notebook.py", line 22, in execute_remote_notebook
    notebook_content = response.json()
  File "/home/airflow/.local/lib/python3.7/site-packages/requests/models.py", line 975, in json
    raise RequestsJSONDecodeError(e.msg, e.doc, e.pos)
requests.exceptions.JSONDecodeError: Expecting value: line 1 column 1 (char 0)
[2024-07-15T11:04:38.816+0000] {taskinstance.py:1350} INFO - Marking task as UP_FOR_RETRY. dag_id=run_remote_jupyter_notebook, task_id=run_notebook, execution_date=20230628T000000, start_date=20240715T110437, end_date=20240715T110438
[2024-07-15T11:04:38.845+0000] {standard_task_runner.py:109} ERROR - Failed to execute job 802 for task run_notebook (Expecting value: line 1 column 1 (char 0); 820)
[2024-07-15T11:04:38.913+0000] {local_task_job_runner.py:225} INFO - Task exited with return code 1
[2024-07-15T11:04:38.982+0000] {taskinstance.py:2651} INFO - 0 downstream tasks scheduled from follow-on schedule check
[2024-07-18T06:55:59.788+0000] {taskinstance.py:1103} INFO - Dependencies all met for dep_context=non-requeueable deps ti=<TaskInstance: run_remote_jupyter_notebook.run_notebook scheduled__2023-06-28T00:00:00+00:00 [queued]>
[2024-07-18T06:55:59.821+0000] {taskinstance.py:1103} INFO - Dependencies all met for dep_context=requeueable deps ti=<TaskInstance: run_remote_jupyter_notebook.run_notebook scheduled__2023-06-28T00:00:00+00:00 [queued]>
[2024-07-18T06:55:59.822+0000] {taskinstance.py:1308} INFO - Starting attempt 1 of 2
[2024-07-18T06:55:59.856+0000] {taskinstance.py:1327} INFO - Executing <Task(PythonOperator): run_notebook> on 2023-06-28 00:00:00+00:00
[2024-07-18T06:55:59.890+0000] {standard_task_runner.py:57} INFO - Started process 9064 to run task
[2024-07-18T06:55:59.897+0000] {standard_task_runner.py:84} INFO - Running: ['***', 'tasks', 'run', 'run_remote_jupyter_notebook', 'run_notebook', 'scheduled__2023-06-28T00:00:00+00:00', '--job-id', '180', '--raw', '--subdir', 'DAGS_FOLDER/run_notebook.py', '--cfg-path', '/tmp/tmpvlfd9aap']
[2024-07-18T06:55:59.902+0000] {standard_task_runner.py:85} INFO - Job 180: Subtask run_notebook
[2024-07-18T06:56:00.014+0000] {task_command.py:410} INFO - Running <TaskInstance: run_remote_jupyter_notebook.run_notebook scheduled__2023-06-28T00:00:00+00:00 [running]> on host 6c8b3b9a6388
[2024-07-18T06:56:00.177+0000] {taskinstance.py:1547} INFO - Exporting env vars: AIRFLOW_CTX_DAG_OWNER='***' AIRFLOW_CTX_DAG_ID='run_remote_jupyter_notebook' AIRFLOW_CTX_TASK_ID='run_notebook' AIRFLOW_CTX_EXECUTION_DATE='2023-06-28T00:00:00+00:00' AIRFLOW_CTX_TRY_NUMBER='1' AIRFLOW_CTX_DAG_RUN_ID='scheduled__2023-06-28T00:00:00+00:00'
[2024-07-18T06:56:03.244+0000] {logging_mixin.py:149} INFO - Notebook executed and updated successfully on the server.
[2024-07-18T06:56:03.246+0000] {python.py:183} INFO - Done. Returned value was: None
[2024-07-18T06:56:03.263+0000] {taskinstance.py:1350} INFO - Marking task as SUCCESS. dag_id=run_remote_jupyter_notebook, task_id=run_notebook, execution_date=20230628T000000, start_date=20240718T065559, end_date=20240718T065603
[2024-07-18T06:56:03.329+0000] {local_task_job_runner.py:225} INFO - Task exited with return code 0
[2024-07-18T06:56:03.352+0000] {taskinstance.py:2651} INFO - 0 downstream tasks scheduled from follow-on schedule check
