[2024-07-17T10:46:10.738+0000] {taskinstance.py:1103} INFO - Dependencies all met for dep_context=non-requeueable deps ti=<TaskInstance: run_remote_jupyter_notebook.run_notebook manual__2024-07-17T10:46:09.971776+00:00 [queued]>
[2024-07-17T10:46:10.744+0000] {taskinstance.py:1103} INFO - Dependencies all met for dep_context=requeueable deps ti=<TaskInstance: run_remote_jupyter_notebook.run_notebook manual__2024-07-17T10:46:09.971776+00:00 [queued]>
[2024-07-17T10:46:10.744+0000] {taskinstance.py:1308} INFO - Starting attempt 1 of 2
[2024-07-17T10:46:10.755+0000] {taskinstance.py:1327} INFO - Executing <Task(PythonOperator): run_notebook> on 2024-07-17 10:46:09.971776+00:00
[2024-07-17T10:46:10.758+0000] {standard_task_runner.py:57} INFO - Started process 176 to run task
[2024-07-17T10:46:10.761+0000] {standard_task_runner.py:84} INFO - Running: ['***', 'tasks', 'run', 'run_remote_jupyter_notebook', 'run_notebook', 'manual__2024-07-17T10:46:09.971776+00:00', '--job-id', '1546', '--raw', '--subdir', 'DAGS_FOLDER/run_notebook.py', '--cfg-path', '/tmp/tmpyqdtt0ni']
[2024-07-17T10:46:10.763+0000] {standard_task_runner.py:85} INFO - Job 1546: Subtask run_notebook
[2024-07-17T10:46:10.801+0000] {task_command.py:410} INFO - Running <TaskInstance: run_remote_jupyter_notebook.run_notebook manual__2024-07-17T10:46:09.971776+00:00 [running]> on host 8d605751006d
[2024-07-17T10:46:10.868+0000] {taskinstance.py:1547} INFO - Exporting env vars: AIRFLOW_CTX_DAG_OWNER='***' AIRFLOW_CTX_DAG_ID='run_remote_jupyter_notebook' AIRFLOW_CTX_TASK_ID='run_notebook' AIRFLOW_CTX_EXECUTION_DATE='2024-07-17T10:46:09.971776+00:00' AIRFLOW_CTX_TRY_NUMBER='1' AIRFLOW_CTX_DAG_RUN_ID='manual__2024-07-17T10:46:09.971776+00:00'
[2024-07-17T10:46:10.878+0000] {logging_mixin.py:149} INFO - Error retrieving Jupyter token: 403 Client Error: Forbidden for url: http://host.docker.internal:8888/login
[2024-07-17T10:46:10.879+0000] {taskinstance.py:1824} ERROR - Task failed with exception
Traceback (most recent call last):
  File "/home/airflow/.local/lib/python3.7/site-packages/airflow/operators/python.py", line 181, in execute
    return_value = self.execute_callable()
  File "/home/airflow/.local/lib/python3.7/site-packages/airflow/operators/python.py", line 198, in execute_callable
    return self.python_callable(*self.op_args, **self.op_kwargs)
  File "/opt/airflow/dags/run_notebook.py", line 21, in execute_remote_notebook
    raise Exception("Failed to retrieve Jupyter token")
Exception: Failed to retrieve Jupyter token
[2024-07-17T10:46:10.887+0000] {taskinstance.py:1350} INFO - Marking task as UP_FOR_RETRY. dag_id=run_remote_jupyter_notebook, task_id=run_notebook, execution_date=20240717T104609, start_date=20240717T104610, end_date=20240717T104610
[2024-07-17T10:46:10.895+0000] {standard_task_runner.py:109} ERROR - Failed to execute job 1546 for task run_notebook (Failed to retrieve Jupyter token; 176)
[2024-07-17T10:46:10.934+0000] {local_task_job_runner.py:225} INFO - Task exited with return code 1
[2024-07-17T10:46:10.947+0000] {taskinstance.py:2651} INFO - 0 downstream tasks scheduled from follow-on schedule check
