[2024-07-16T08:00:06.530+0000] {taskinstance.py:1103} INFO - Dependencies all met for dep_context=non-requeueable deps ti=<TaskInstance: run_remote_jupyter_notebook.run_notebook scheduled__2024-07-04T00:00:00+00:00 [queued]>
[2024-07-16T08:00:06.549+0000] {taskinstance.py:1103} INFO - Dependencies all met for dep_context=requeueable deps ti=<TaskInstance: run_remote_jupyter_notebook.run_notebook scheduled__2024-07-04T00:00:00+00:00 [queued]>
[2024-07-16T08:00:06.550+0000] {taskinstance.py:1308} INFO - Starting attempt 1 of 2
[2024-07-16T08:00:06.586+0000] {taskinstance.py:1327} INFO - Executing <Task(PythonOperator): run_notebook> on 2024-07-04 00:00:00+00:00
[2024-07-16T08:00:06.603+0000] {standard_task_runner.py:57} INFO - Started process 3923 to run task
[2024-07-16T08:00:06.610+0000] {standard_task_runner.py:84} INFO - Running: ['***', 'tasks', 'run', 'run_remote_jupyter_notebook', 'run_notebook', 'scheduled__2024-07-04T00:00:00+00:00', '--job-id', '1500', '--raw', '--subdir', 'DAGS_FOLDER/run_notebook.py', '--cfg-path', '/tmp/tmp0_azhwzd']
[2024-07-16T08:00:06.614+0000] {standard_task_runner.py:85} INFO - Job 1500: Subtask run_notebook
[2024-07-16T08:00:06.732+0000] {task_command.py:410} INFO - Running <TaskInstance: run_remote_jupyter_notebook.run_notebook scheduled__2024-07-04T00:00:00+00:00 [running]> on host be64f240bd41
[2024-07-16T08:00:06.936+0000] {taskinstance.py:1547} INFO - Exporting env vars: AIRFLOW_CTX_DAG_OWNER='***' AIRFLOW_CTX_DAG_ID='run_remote_jupyter_notebook' AIRFLOW_CTX_TASK_ID='run_notebook' AIRFLOW_CTX_EXECUTION_DATE='2024-07-04T00:00:00+00:00' AIRFLOW_CTX_TRY_NUMBER='1' AIRFLOW_CTX_DAG_RUN_ID='scheduled__2024-07-04T00:00:00+00:00'
[2024-07-16T08:00:07.047+0000] {logging_mixin.py:149} INFO - Notebook content: {
  "cells": [
    {
      "cell_type": "code",
      "execution_count": null,
      "id": "a9e85d21-27ab-42bb-a1df-e3760128f532",
      "metadata": {},
      "outputs": [],
      "source": [
        "print(\"Hello World!\")"
      ]
    },
    {
      "cell_type": "code",
      "execution_count": null,
      "id": "a8060e2e-a775-482b-9ab6-2a26b0268ec2",
      "metadata": {},
      "outputs": [],
      "source": [
        "a = 1\n",
        "b = 2\n",
        "print(a+b)"
      ]
    }
  ],
  "metadata": {
    "kernelspec": {
      "display_name": "Python 3",
      "language": "python",
      "name": "python3"
    },
    "language_info": {
      "codemirror_mode": {
        "name": "ipython",
        "version": 3
      },
      "file_extension": ".py",
      "mimetype": "text/x-python",
      "name": "python",
      "nbconvert_exporter": "python",
      "pygments_lexer": "ipython3",
      "version": "3.11.2"
    }
  },
  "nbformat": 4,
  "nbformat_minor": 5
}
[2024-07-16T08:00:10.069+0000] {python.py:183} INFO - Done. Returned value was: None
[2024-07-16T08:00:10.085+0000] {taskinstance.py:1350} INFO - Marking task as SUCCESS. dag_id=run_remote_jupyter_notebook, task_id=run_notebook, execution_date=20240704T000000, start_date=20240716T080006, end_date=20240716T080010
[2024-07-16T08:00:10.135+0000] {local_task_job_runner.py:225} INFO - Task exited with return code 0
[2024-07-16T08:00:10.157+0000] {taskinstance.py:2651} INFO - 0 downstream tasks scheduled from follow-on schedule check
[2024-07-18T08:29:52.412+0000] {taskinstance.py:1103} INFO - Dependencies all met for dep_context=non-requeueable deps ti=<TaskInstance: run_remote_jupyter_notebook.run_notebook scheduled__2024-07-04T00:00:00+00:00 [queued]>
[2024-07-18T08:29:52.419+0000] {taskinstance.py:1103} INFO - Dependencies all met for dep_context=requeueable deps ti=<TaskInstance: run_remote_jupyter_notebook.run_notebook scheduled__2024-07-04T00:00:00+00:00 [queued]>
[2024-07-18T08:29:52.420+0000] {taskinstance.py:1308} INFO - Starting attempt 1 of 2
[2024-07-18T08:29:52.430+0000] {taskinstance.py:1327} INFO - Executing <Task(PythonOperator): run_notebook> on 2024-07-04 00:00:00+00:00
[2024-07-18T08:29:52.436+0000] {standard_task_runner.py:57} INFO - Started process 2552 to run task
[2024-07-18T08:29:52.438+0000] {standard_task_runner.py:84} INFO - Running: ['***', 'tasks', 'run', 'run_remote_jupyter_notebook', 'run_notebook', 'scheduled__2024-07-04T00:00:00+00:00', '--job-id', '557', '--raw', '--subdir', 'DAGS_FOLDER/run_notebook.py', '--cfg-path', '/tmp/tmpnhcehvtu']
[2024-07-18T08:29:52.440+0000] {standard_task_runner.py:85} INFO - Job 557: Subtask run_notebook
[2024-07-18T08:29:52.473+0000] {task_command.py:410} INFO - Running <TaskInstance: run_remote_jupyter_notebook.run_notebook scheduled__2024-07-04T00:00:00+00:00 [running]> on host e7816f9101dd
[2024-07-18T08:29:52.542+0000] {taskinstance.py:1547} INFO - Exporting env vars: AIRFLOW_CTX_DAG_OWNER='***' AIRFLOW_CTX_DAG_ID='run_remote_jupyter_notebook' AIRFLOW_CTX_TASK_ID='run_notebook' AIRFLOW_CTX_EXECUTION_DATE='2024-07-04T00:00:00+00:00' AIRFLOW_CTX_TRY_NUMBER='1' AIRFLOW_CTX_DAG_RUN_ID='scheduled__2024-07-04T00:00:00+00:00'
[2024-07-18T08:29:54.102+0000] {logging_mixin.py:149} INFO - Notebook executed and updated successfully on the server.
[2024-07-18T08:29:54.103+0000] {python.py:183} INFO - Done. Returned value was: None
[2024-07-18T08:29:54.112+0000] {taskinstance.py:1350} INFO - Marking task as SUCCESS. dag_id=run_remote_jupyter_notebook, task_id=run_notebook, execution_date=20240704T000000, start_date=20240718T082952, end_date=20240718T082954
[2024-07-18T08:29:54.135+0000] {local_task_job_runner.py:225} INFO - Task exited with return code 0
[2024-07-18T08:29:54.148+0000] {taskinstance.py:2651} INFO - 0 downstream tasks scheduled from follow-on schedule check
