[2024-07-16T08:00:06.098+0000] {taskinstance.py:1103} INFO - Dependencies all met for dep_context=non-requeueable deps ti=<TaskInstance: run_remote_jupyter_notebook.run_notebook scheduled__2024-07-02T00:00:00+00:00 [queued]>
[2024-07-16T08:00:06.142+0000] {taskinstance.py:1103} INFO - Dependencies all met for dep_context=requeueable deps ti=<TaskInstance: run_remote_jupyter_notebook.run_notebook scheduled__2024-07-02T00:00:00+00:00 [queued]>
[2024-07-16T08:00:06.144+0000] {taskinstance.py:1308} INFO - Starting attempt 1 of 2
[2024-07-16T08:00:06.212+0000] {taskinstance.py:1327} INFO - Executing <Task(PythonOperator): run_notebook> on 2024-07-02 00:00:00+00:00
[2024-07-16T08:00:06.225+0000] {standard_task_runner.py:57} INFO - Started process 3882 to run task
[2024-07-16T08:00:06.243+0000] {standard_task_runner.py:84} INFO - Running: ['***', 'tasks', 'run', 'run_remote_jupyter_notebook', 'run_notebook', 'scheduled__2024-07-02T00:00:00+00:00', '--job-id', '1498', '--raw', '--subdir', 'DAGS_FOLDER/run_notebook.py', '--cfg-path', '/tmp/tmpx8d8qxcu']
[2024-07-16T08:00:06.257+0000] {standard_task_runner.py:85} INFO - Job 1498: Subtask run_notebook
[2024-07-16T08:00:06.404+0000] {task_command.py:410} INFO - Running <TaskInstance: run_remote_jupyter_notebook.run_notebook scheduled__2024-07-02T00:00:00+00:00 [running]> on host be64f240bd41
[2024-07-16T08:00:06.601+0000] {taskinstance.py:1547} INFO - Exporting env vars: AIRFLOW_CTX_DAG_OWNER='***' AIRFLOW_CTX_DAG_ID='run_remote_jupyter_notebook' AIRFLOW_CTX_TASK_ID='run_notebook' AIRFLOW_CTX_EXECUTION_DATE='2024-07-02T00:00:00+00:00' AIRFLOW_CTX_TRY_NUMBER='1' AIRFLOW_CTX_DAG_RUN_ID='scheduled__2024-07-02T00:00:00+00:00'
[2024-07-16T08:00:06.745+0000] {logging_mixin.py:149} INFO - Notebook content: {
  "cells": [
    {
      "cell_type": "code",
      "execution_count": null,
      "id": "a9e85d21-27ab-42bb-a1df-e3760128f532",
      "metadata": {},
      "outputs": [],
      "source": [
        "print(\"Hello World!\")"
      ]
    },
    {
      "cell_type": "code",
      "execution_count": null,
      "id": "a8060e2e-a775-482b-9ab6-2a26b0268ec2",
      "metadata": {},
      "outputs": [],
      "source": [
        "a = 1\n",
        "b = 2\n",
        "print(a+b)"
      ]
    }
  ],
  "metadata": {
    "kernelspec": {
      "display_name": "Python 3",
      "language": "python",
      "name": "python3"
    },
    "language_info": {
      "codemirror_mode": {
        "name": "ipython",
        "version": 3
      },
      "file_extension": ".py",
      "mimetype": "text/x-python",
      "name": "python",
      "nbconvert_exporter": "python",
      "pygments_lexer": "ipython3",
      "version": "3.11.2"
    }
  },
  "nbformat": 4,
  "nbformat_minor": 5
}
[2024-07-16T08:00:10.081+0000] {python.py:183} INFO - Done. Returned value was: None
[2024-07-16T08:00:10.096+0000] {taskinstance.py:1350} INFO - Marking task as SUCCESS. dag_id=run_remote_jupyter_notebook, task_id=run_notebook, execution_date=20240702T000000, start_date=20240716T080006, end_date=20240716T080010
[2024-07-16T08:00:10.146+0000] {local_task_job_runner.py:225} INFO - Task exited with return code 0
[2024-07-16T08:00:10.167+0000] {taskinstance.py:2651} INFO - 0 downstream tasks scheduled from follow-on schedule check
[2024-07-18T08:29:41.292+0000] {taskinstance.py:1103} INFO - Dependencies all met for dep_context=non-requeueable deps ti=<TaskInstance: run_remote_jupyter_notebook.run_notebook scheduled__2024-07-02T00:00:00+00:00 [queued]>
[2024-07-18T08:29:41.299+0000] {taskinstance.py:1103} INFO - Dependencies all met for dep_context=requeueable deps ti=<TaskInstance: run_remote_jupyter_notebook.run_notebook scheduled__2024-07-02T00:00:00+00:00 [queued]>
[2024-07-18T08:29:41.300+0000] {taskinstance.py:1308} INFO - Starting attempt 1 of 2
[2024-07-18T08:29:41.310+0000] {taskinstance.py:1327} INFO - Executing <Task(PythonOperator): run_notebook> on 2024-07-02 00:00:00+00:00
[2024-07-18T08:29:41.316+0000] {standard_task_runner.py:57} INFO - Started process 2452 to run task
[2024-07-18T08:29:41.318+0000] {standard_task_runner.py:84} INFO - Running: ['***', 'tasks', 'run', 'run_remote_jupyter_notebook', 'run_notebook', 'scheduled__2024-07-02T00:00:00+00:00', '--job-id', '555', '--raw', '--subdir', 'DAGS_FOLDER/run_notebook.py', '--cfg-path', '/tmp/tmpokq7imw2']
[2024-07-18T08:29:41.320+0000] {standard_task_runner.py:85} INFO - Job 555: Subtask run_notebook
[2024-07-18T08:29:41.355+0000] {task_command.py:410} INFO - Running <TaskInstance: run_remote_jupyter_notebook.run_notebook scheduled__2024-07-02T00:00:00+00:00 [running]> on host e7816f9101dd
[2024-07-18T08:29:41.419+0000] {taskinstance.py:1547} INFO - Exporting env vars: AIRFLOW_CTX_DAG_OWNER='***' AIRFLOW_CTX_DAG_ID='run_remote_jupyter_notebook' AIRFLOW_CTX_TASK_ID='run_notebook' AIRFLOW_CTX_EXECUTION_DATE='2024-07-02T00:00:00+00:00' AIRFLOW_CTX_TRY_NUMBER='1' AIRFLOW_CTX_DAG_RUN_ID='scheduled__2024-07-02T00:00:00+00:00'
[2024-07-18T08:29:43.031+0000] {logging_mixin.py:149} INFO - Notebook executed and updated successfully on the server.
[2024-07-18T08:29:43.032+0000] {python.py:183} INFO - Done. Returned value was: None
[2024-07-18T08:29:43.042+0000] {taskinstance.py:1350} INFO - Marking task as SUCCESS. dag_id=run_remote_jupyter_notebook, task_id=run_notebook, execution_date=20240702T000000, start_date=20240718T082941, end_date=20240718T082943
[2024-07-18T08:29:43.098+0000] {local_task_job_runner.py:225} INFO - Task exited with return code 0
[2024-07-18T08:29:43.112+0000] {taskinstance.py:2651} INFO - 0 downstream tasks scheduled from follow-on schedule check
