[2024-07-16T07:54:18.952+0000] {taskinstance.py:1103} INFO - Dependencies all met for dep_context=non-requeueable deps ti=<TaskInstance: run_remote_jupyter_notebook.run_notebook scheduled__2024-04-27T00:00:00+00:00 [queued]>
[2024-07-16T07:54:18.992+0000] {taskinstance.py:1103} INFO - Dependencies all met for dep_context=requeueable deps ti=<TaskInstance: run_remote_jupyter_notebook.run_notebook scheduled__2024-04-27T00:00:00+00:00 [queued]>
[2024-07-16T07:54:18.994+0000] {taskinstance.py:1308} INFO - Starting attempt 1 of 2
[2024-07-16T07:54:19.154+0000] {taskinstance.py:1327} INFO - Executing <Task(PythonOperator): run_notebook> on 2024-04-27 00:00:00+00:00
[2024-07-16T07:54:19.162+0000] {standard_task_runner.py:57} INFO - Started process 2108 to run task
[2024-07-16T07:54:19.171+0000] {standard_task_runner.py:84} INFO - Running: ['***', 'tasks', 'run', 'run_remote_jupyter_notebook', 'run_notebook', 'scheduled__2024-04-27T00:00:00+00:00', '--job-id', '1415', '--raw', '--subdir', 'DAGS_FOLDER/run_notebook.py', '--cfg-path', '/tmp/tmpv08_2k96']
[2024-07-16T07:54:19.176+0000] {standard_task_runner.py:85} INFO - Job 1415: Subtask run_notebook
[2024-07-16T07:54:19.254+0000] {task_command.py:410} INFO - Running <TaskInstance: run_remote_jupyter_notebook.run_notebook scheduled__2024-04-27T00:00:00+00:00 [running]> on host dcbd1801a890
[2024-07-16T07:54:19.394+0000] {taskinstance.py:1547} INFO - Exporting env vars: AIRFLOW_CTX_DAG_OWNER='***' AIRFLOW_CTX_DAG_ID='run_remote_jupyter_notebook' AIRFLOW_CTX_TASK_ID='run_notebook' AIRFLOW_CTX_EXECUTION_DATE='2024-04-27T00:00:00+00:00' AIRFLOW_CTX_TRY_NUMBER='1' AIRFLOW_CTX_DAG_RUN_ID='scheduled__2024-04-27T00:00:00+00:00'
[2024-07-16T07:54:19.397+0000] {taskinstance.py:1824} ERROR - Task failed with exception
Traceback (most recent call last):
  File "/home/airflow/.local/lib/python3.7/site-packages/airflow/operators/python.py", line 181, in execute
    return_value = self.execute_callable()
  File "/home/airflow/.local/lib/python3.7/site-packages/airflow/operators/python.py", line 198, in execute_callable
    return self.python_callable(*self.op_args, **self.op_kwargs)
  File "/opt/airflow/dags/run_notebook.py", line 16, in execute_remote_notebook
    update_notebook_format('/tmp/input_notebook.ipynb')
  File "/opt/airflow/dags/run_notebook.py", line 52, in update_notebook_format
    nb = nbformat.read(f, as_version=4)
  File "/home/airflow/.local/lib/python3.7/site-packages/nbformat/__init__.py", line 171, in read
    return reads(buf, as_version, capture_validation_error, **kwargs)
  File "/home/airflow/.local/lib/python3.7/site-packages/nbformat/__init__.py", line 91, in reads
    nb = convert(nb, as_version)
  File "/home/airflow/.local/lib/python3.7/site-packages/nbformat/converter.py", line 62, in convert
    raise ValidationError(msg) from None
jsonschema.exceptions.ValidationError: Notebook could not be converted from version 1 to version 2 because it's missing a key: cells
[2024-07-16T07:54:19.415+0000] {taskinstance.py:1350} INFO - Marking task as UP_FOR_RETRY. dag_id=run_remote_jupyter_notebook, task_id=run_notebook, execution_date=20240427T000000, start_date=20240716T075418, end_date=20240716T075419
[2024-07-16T07:54:19.436+0000] {standard_task_runner.py:109} ERROR - Failed to execute job 1415 for task run_notebook (Notebook could not be converted from version 1 to version 2 because it's missing a key: cells; 2108)
[2024-07-16T07:54:19.460+0000] {local_task_job_runner.py:225} INFO - Task exited with return code 1
[2024-07-16T07:54:19.494+0000] {taskinstance.py:2651} INFO - 0 downstream tasks scheduled from follow-on schedule check
