[2024-07-17T10:15:57.011+0000] {taskinstance.py:1103} INFO - Dependencies all met for dep_context=non-requeueable deps ti=<TaskInstance: run_remote_jupyter_notebook.run_notebook manual__2024-07-17T10:15:55.752505+00:00 [queued]>
[2024-07-17T10:15:57.018+0000] {taskinstance.py:1103} INFO - Dependencies all met for dep_context=requeueable deps ti=<TaskInstance: run_remote_jupyter_notebook.run_notebook manual__2024-07-17T10:15:55.752505+00:00 [queued]>
[2024-07-17T10:15:57.018+0000] {taskinstance.py:1308} INFO - Starting attempt 1 of 2
[2024-07-17T10:15:57.030+0000] {taskinstance.py:1327} INFO - Executing <Task(PythonOperator): run_notebook> on 2024-07-17 10:15:55.752505+00:00
[2024-07-17T10:15:57.034+0000] {standard_task_runner.py:57} INFO - Started process 174 to run task
[2024-07-17T10:15:57.036+0000] {standard_task_runner.py:84} INFO - Running: ['***', 'tasks', 'run', 'run_remote_jupyter_notebook', 'run_notebook', 'manual__2024-07-17T10:15:55.752505+00:00', '--job-id', '1543', '--raw', '--subdir', 'DAGS_FOLDER/run_notebook.py', '--cfg-path', '/tmp/tmp4cho279k']
[2024-07-17T10:15:57.038+0000] {standard_task_runner.py:85} INFO - Job 1543: Subtask run_notebook
[2024-07-17T10:15:57.073+0000] {task_command.py:410} INFO - Running <TaskInstance: run_remote_jupyter_notebook.run_notebook manual__2024-07-17T10:15:55.752505+00:00 [running]> on host 29f7b73c6d0d
[2024-07-17T10:15:57.151+0000] {taskinstance.py:1547} INFO - Exporting env vars: AIRFLOW_CTX_DAG_OWNER='***' AIRFLOW_CTX_DAG_ID='run_remote_jupyter_notebook' AIRFLOW_CTX_TASK_ID='run_notebook' AIRFLOW_CTX_EXECUTION_DATE='2024-07-17T10:15:55.752505+00:00' AIRFLOW_CTX_TRY_NUMBER='1' AIRFLOW_CTX_DAG_RUN_ID='manual__2024-07-17T10:15:55.752505+00:00'
[2024-07-17T10:15:57.162+0000] {logging_mixin.py:149} INFO - Error retrieving Jupyter token: 403 Client Error: Forbidden for url: http://host.docker.internal:8888/login
[2024-07-17T10:15:57.163+0000] {taskinstance.py:1824} ERROR - Task failed with exception
Traceback (most recent call last):
  File "/home/airflow/.local/lib/python3.7/site-packages/airflow/operators/python.py", line 181, in execute
    return_value = self.execute_callable()
  File "/home/airflow/.local/lib/python3.7/site-packages/airflow/operators/python.py", line 198, in execute_callable
    return self.python_callable(*self.op_args, **self.op_kwargs)
  File "/opt/airflow/dags/run_notebook.py", line 21, in execute_remote_notebook
    raise Exception("Failed to retrieve Jupyter token")
Exception: Failed to retrieve Jupyter token
[2024-07-17T10:15:57.172+0000] {taskinstance.py:1350} INFO - Marking task as UP_FOR_RETRY. dag_id=run_remote_jupyter_notebook, task_id=run_notebook, execution_date=20240717T101555, start_date=20240717T101557, end_date=20240717T101557
[2024-07-17T10:15:57.184+0000] {standard_task_runner.py:109} ERROR - Failed to execute job 1543 for task run_notebook (Failed to retrieve Jupyter token; 174)
[2024-07-17T10:15:57.208+0000] {local_task_job_runner.py:225} INFO - Task exited with return code 1
[2024-07-17T10:15:57.222+0000] {taskinstance.py:2651} INFO - 0 downstream tasks scheduled from follow-on schedule check
