[2024-07-16T07:49:07.060+0000] {taskinstance.py:1103} INFO - Dependencies all met for dep_context=non-requeueable deps ti=<TaskInstance: run_remote_jupyter_notebook.run_notebook scheduled__2024-04-08T00:00:00+00:00 [queued]>
[2024-07-16T07:49:07.074+0000] {taskinstance.py:1103} INFO - Dependencies all met for dep_context=requeueable deps ti=<TaskInstance: run_remote_jupyter_notebook.run_notebook scheduled__2024-04-08T00:00:00+00:00 [queued]>
[2024-07-16T07:49:07.075+0000] {taskinstance.py:1308} INFO - Starting attempt 1 of 2
[2024-07-16T07:49:07.145+0000] {taskinstance.py:1327} INFO - Executing <Task(PythonOperator): run_notebook> on 2024-04-08 00:00:00+00:00
[2024-07-16T07:49:07.156+0000] {standard_task_runner.py:57} INFO - Started process 731 to run task
[2024-07-16T07:49:07.163+0000] {standard_task_runner.py:84} INFO - Running: ['***', 'tasks', 'run', 'run_remote_jupyter_notebook', 'run_notebook', 'scheduled__2024-04-08T00:00:00+00:00', '--job-id', '1380', '--raw', '--subdir', 'DAGS_FOLDER/run_notebook.py', '--cfg-path', '/tmp/tmp7c61z11n']
[2024-07-16T07:49:07.171+0000] {standard_task_runner.py:85} INFO - Job 1380: Subtask run_notebook
[2024-07-16T07:49:07.248+0000] {task_command.py:410} INFO - Running <TaskInstance: run_remote_jupyter_notebook.run_notebook scheduled__2024-04-08T00:00:00+00:00 [running]> on host dcbd1801a890
[2024-07-16T07:49:07.666+0000] {taskinstance.py:1547} INFO - Exporting env vars: AIRFLOW_CTX_DAG_OWNER='***' AIRFLOW_CTX_DAG_ID='run_remote_jupyter_notebook' AIRFLOW_CTX_TASK_ID='run_notebook' AIRFLOW_CTX_EXECUTION_DATE='2024-04-08T00:00:00+00:00' AIRFLOW_CTX_TRY_NUMBER='1' AIRFLOW_CTX_DAG_RUN_ID='scheduled__2024-04-08T00:00:00+00:00'
[2024-07-16T07:49:07.669+0000] {run_notebook.py:14} INFO - Attempting to connect to http://host.docker.internal:8888/api/contents/Notebooks/notebook.ipynb?token=e8a8150423dfd35bee318800bfcf7c9191ca7485b5cb9fde
[2024-07-16T07:49:07.697+0000] {execute.py:83} INFO - Input Notebook:  /tmp/input_notebook.ipynb
[2024-07-16T07:49:07.697+0000] {execute.py:84} INFO - Output Notebook: /opt/***/outputs/output.ipynb
[2024-07-16T07:49:07.699+0000] {taskinstance.py:1824} ERROR - Task failed with exception
Traceback (most recent call last):
  File "/home/airflow/.local/lib/python3.7/site-packages/airflow/operators/python.py", line 181, in execute
    return_value = self.execute_callable()
  File "/home/airflow/.local/lib/python3.7/site-packages/airflow/operators/python.py", line 198, in execute_callable
    return self.python_callable(*self.op_args, **self.op_kwargs)
  File "/opt/airflow/dags/run_notebook.py", line 34, in execute_remote_notebook
    parameters=parameters
  File "/home/airflow/.local/lib/python3.7/site-packages/papermill/execute.py", line 89, in execute_notebook
    nb = load_notebook_node(input_path)
  File "/home/airflow/.local/lib/python3.7/site-packages/papermill/iorw.py", line 512, in load_notebook_node
    nb = nbformat.reads(papermill_io.read(notebook_path), as_version=4)
  File "/home/airflow/.local/lib/python3.7/site-packages/nbformat/__init__.py", line 91, in reads
    nb = convert(nb, as_version)
  File "/home/airflow/.local/lib/python3.7/site-packages/nbformat/converter.py", line 62, in convert
    raise ValidationError(msg) from None
jsonschema.exceptions.ValidationError: Notebook could not be converted from version 1 to version 2 because it's missing a key: cells
[2024-07-16T07:49:07.712+0000] {taskinstance.py:1350} INFO - Marking task as UP_FOR_RETRY. dag_id=run_remote_jupyter_notebook, task_id=run_notebook, execution_date=20240408T000000, start_date=20240716T074907, end_date=20240716T074907
[2024-07-16T07:49:07.732+0000] {standard_task_runner.py:109} ERROR - Failed to execute job 1380 for task run_notebook (Notebook could not be converted from version 1 to version 2 because it's missing a key: cells; 731)
[2024-07-16T07:49:07.777+0000] {local_task_job_runner.py:225} INFO - Task exited with return code 1
[2024-07-16T07:49:07.837+0000] {taskinstance.py:2651} INFO - 0 downstream tasks scheduled from follow-on schedule check
[2024-07-18T07:00:17.210+0000] {taskinstance.py:1103} INFO - Dependencies all met for dep_context=non-requeueable deps ti=<TaskInstance: run_remote_jupyter_notebook.run_notebook scheduled__2024-04-08T00:00:00+00:00 [queued]>
[2024-07-18T07:00:17.253+0000] {taskinstance.py:1103} INFO - Dependencies all met for dep_context=requeueable deps ti=<TaskInstance: run_remote_jupyter_notebook.run_notebook scheduled__2024-04-08T00:00:00+00:00 [queued]>
[2024-07-18T07:00:17.254+0000] {taskinstance.py:1308} INFO - Starting attempt 1 of 2
[2024-07-18T07:00:17.392+0000] {taskinstance.py:1327} INFO - Executing <Task(PythonOperator): run_notebook> on 2024-04-08 00:00:00+00:00
[2024-07-18T07:00:17.404+0000] {standard_task_runner.py:57} INFO - Started process 23909 to run task
[2024-07-18T07:00:17.412+0000] {standard_task_runner.py:84} INFO - Running: ['***', 'tasks', 'run', 'run_remote_jupyter_notebook', 'run_notebook', 'scheduled__2024-04-08T00:00:00+00:00', '--job-id', '466', '--raw', '--subdir', 'DAGS_FOLDER/run_notebook.py', '--cfg-path', '/tmp/tmpxp8phblj']
[2024-07-18T07:00:17.420+0000] {standard_task_runner.py:85} INFO - Job 466: Subtask run_notebook
[2024-07-18T07:00:17.532+0000] {task_command.py:410} INFO - Running <TaskInstance: run_remote_jupyter_notebook.run_notebook scheduled__2024-04-08T00:00:00+00:00 [running]> on host 6c8b3b9a6388
[2024-07-18T07:00:17.722+0000] {taskinstance.py:1547} INFO - Exporting env vars: AIRFLOW_CTX_DAG_OWNER='***' AIRFLOW_CTX_DAG_ID='run_remote_jupyter_notebook' AIRFLOW_CTX_TASK_ID='run_notebook' AIRFLOW_CTX_EXECUTION_DATE='2024-04-08T00:00:00+00:00' AIRFLOW_CTX_TRY_NUMBER='1' AIRFLOW_CTX_DAG_RUN_ID='scheduled__2024-04-08T00:00:00+00:00'
[2024-07-18T07:00:21.938+0000] {logging_mixin.py:149} INFO - Notebook executed and updated successfully on the server.
[2024-07-18T07:00:21.939+0000] {python.py:183} INFO - Done. Returned value was: None
[2024-07-18T07:00:21.959+0000] {taskinstance.py:1350} INFO - Marking task as SUCCESS. dag_id=run_remote_jupyter_notebook, task_id=run_notebook, execution_date=20240408T000000, start_date=20240718T070017, end_date=20240718T070021
[2024-07-18T07:00:22.027+0000] {local_task_job_runner.py:225} INFO - Task exited with return code 0
[2024-07-18T07:00:22.178+0000] {taskinstance.py:2651} INFO - 0 downstream tasks scheduled from follow-on schedule check
