[2024-07-15T10:44:04.813+0000] {taskinstance.py:1103} INFO - Dependencies all met for dep_context=non-requeueable deps ti=<TaskInstance: run_remote_jupyter_notebook.run_notebook scheduled__2023-04-24T00:00:00+00:00 [queued]>
[2024-07-15T10:44:04.850+0000] {taskinstance.py:1103} INFO - Dependencies all met for dep_context=requeueable deps ti=<TaskInstance: run_remote_jupyter_notebook.run_notebook scheduled__2023-04-24T00:00:00+00:00 [queued]>
[2024-07-15T10:44:04.851+0000] {taskinstance.py:1308} INFO - Starting attempt 1 of 2
[2024-07-15T10:44:04.937+0000] {taskinstance.py:1327} INFO - Executing <Task(PythonOperator): run_notebook> on 2023-04-24 00:00:00+00:00
[2024-07-15T10:44:04.946+0000] {standard_task_runner.py:57} INFO - Started process 1025 to run task
[2024-07-15T10:44:04.950+0000] {standard_task_runner.py:84} INFO - Running: ['***', 'tasks', 'run', 'run_remote_jupyter_notebook', 'run_notebook', 'scheduled__2023-04-24T00:00:00+00:00', '--job-id', '702', '--raw', '--subdir', 'DAGS_FOLDER/run_notebook.py', '--cfg-path', '/tmp/tmp9p_jywa8']
[2024-07-15T10:44:04.954+0000] {standard_task_runner.py:85} INFO - Job 702: Subtask run_notebook
[2024-07-15T10:44:05.027+0000] {task_command.py:410} INFO - Running <TaskInstance: run_remote_jupyter_notebook.run_notebook scheduled__2023-04-24T00:00:00+00:00 [running]> on host 3ef4790ee2bb
[2024-07-15T10:44:05.506+0000] {taskinstance.py:1547} INFO - Exporting env vars: AIRFLOW_CTX_DAG_OWNER='***' AIRFLOW_CTX_DAG_ID='run_remote_jupyter_notebook' AIRFLOW_CTX_TASK_ID='run_notebook' AIRFLOW_CTX_EXECUTION_DATE='2023-04-24T00:00:00+00:00' AIRFLOW_CTX_TRY_NUMBER='1' AIRFLOW_CTX_DAG_RUN_ID='scheduled__2023-04-24T00:00:00+00:00'
[2024-07-15T10:44:05.532+0000] {taskinstance.py:1824} ERROR - Task failed with exception
Traceback (most recent call last):
  File "/home/airflow/.local/lib/python3.7/site-packages/requests/models.py", line 971, in json
    return complexjson.loads(self.text, **kwargs)
  File "/usr/local/lib/python3.7/json/__init__.py", line 348, in loads
    return _default_decoder.decode(s)
  File "/usr/local/lib/python3.7/json/decoder.py", line 337, in decode
    obj, end = self.raw_decode(s, idx=_w(s, 0).end())
  File "/usr/local/lib/python3.7/json/decoder.py", line 355, in raw_decode
    raise JSONDecodeError("Expecting value", s, err.value) from None
json.decoder.JSONDecodeError: Expecting value: line 1 column 1 (char 0)

During handling of the above exception, another exception occurred:

Traceback (most recent call last):
  File "/home/airflow/.local/lib/python3.7/site-packages/airflow/operators/python.py", line 181, in execute
    return_value = self.execute_callable()
  File "/home/airflow/.local/lib/python3.7/site-packages/airflow/operators/python.py", line 198, in execute_callable
    return self.python_callable(*self.op_args, **self.op_kwargs)
  File "/opt/airflow/dags/run_notebook.py", line 20, in execute_remote_notebook
    notebook_content = response.json()
  File "/home/airflow/.local/lib/python3.7/site-packages/requests/models.py", line 975, in json
    raise RequestsJSONDecodeError(e.msg, e.doc, e.pos)
requests.exceptions.JSONDecodeError: Expecting value: line 1 column 1 (char 0)
[2024-07-15T10:44:05.551+0000] {taskinstance.py:1350} INFO - Marking task as UP_FOR_RETRY. dag_id=run_remote_jupyter_notebook, task_id=run_notebook, execution_date=20230424T000000, start_date=20240715T104404, end_date=20240715T104405
[2024-07-15T10:44:05.571+0000] {standard_task_runner.py:109} ERROR - Failed to execute job 702 for task run_notebook (Expecting value: line 1 column 1 (char 0); 1025)
[2024-07-15T10:44:05.602+0000] {local_task_job_runner.py:225} INFO - Task exited with return code 1
[2024-07-15T10:44:05.668+0000] {taskinstance.py:2651} INFO - 0 downstream tasks scheduled from follow-on schedule check
[2024-07-18T06:55:03.730+0000] {taskinstance.py:1103} INFO - Dependencies all met for dep_context=non-requeueable deps ti=<TaskInstance: run_remote_jupyter_notebook.run_notebook scheduled__2023-04-24T00:00:00+00:00 [queued]>
[2024-07-18T06:55:03.753+0000] {taskinstance.py:1103} INFO - Dependencies all met for dep_context=requeueable deps ti=<TaskInstance: run_remote_jupyter_notebook.run_notebook scheduled__2023-04-24T00:00:00+00:00 [queued]>
[2024-07-18T06:55:03.755+0000] {taskinstance.py:1308} INFO - Starting attempt 1 of 2
[2024-07-18T06:55:03.794+0000] {taskinstance.py:1327} INFO - Executing <Task(PythonOperator): run_notebook> on 2023-04-24 00:00:00+00:00
[2024-07-18T06:55:03.806+0000] {standard_task_runner.py:57} INFO - Started process 5886 to run task
[2024-07-18T06:55:03.817+0000] {standard_task_runner.py:84} INFO - Running: ['***', 'tasks', 'run', 'run_remote_jupyter_notebook', 'run_notebook', 'scheduled__2023-04-24T00:00:00+00:00', '--job-id', '115', '--raw', '--subdir', 'DAGS_FOLDER/run_notebook.py', '--cfg-path', '/tmp/tmpyzsicdyu']
[2024-07-18T06:55:03.831+0000] {standard_task_runner.py:85} INFO - Job 115: Subtask run_notebook
[2024-07-18T06:55:03.947+0000] {task_command.py:410} INFO - Running <TaskInstance: run_remote_jupyter_notebook.run_notebook scheduled__2023-04-24T00:00:00+00:00 [running]> on host 6c8b3b9a6388
[2024-07-18T06:55:04.159+0000] {taskinstance.py:1547} INFO - Exporting env vars: AIRFLOW_CTX_DAG_OWNER='***' AIRFLOW_CTX_DAG_ID='run_remote_jupyter_notebook' AIRFLOW_CTX_TASK_ID='run_notebook' AIRFLOW_CTX_EXECUTION_DATE='2023-04-24T00:00:00+00:00' AIRFLOW_CTX_TRY_NUMBER='1' AIRFLOW_CTX_DAG_RUN_ID='scheduled__2023-04-24T00:00:00+00:00'
[2024-07-18T06:55:07.215+0000] {logging_mixin.py:149} INFO - Notebook executed and updated successfully on the server.
[2024-07-18T06:55:07.216+0000] {python.py:183} INFO - Done. Returned value was: None
[2024-07-18T06:55:07.236+0000] {taskinstance.py:1350} INFO - Marking task as SUCCESS. dag_id=run_remote_jupyter_notebook, task_id=run_notebook, execution_date=20230424T000000, start_date=20240718T065503, end_date=20240718T065507
[2024-07-18T06:55:07.364+0000] {local_task_job_runner.py:225} INFO - Task exited with return code 0
[2024-07-18T06:55:07.397+0000] {taskinstance.py:2651} INFO - 0 downstream tasks scheduled from follow-on schedule check
